<?xml version="1.0" encoding="UTF-8"?>
<!-- Generated by org.testng.reporters.JUnitReportReporter -->
<testsuite hostname="DESKTOP-T8DQ794" failures="0" tests="7" name="com.crm.qa.testcases.HomePageTest" time="74.329" errors="0" timestamp="2025-01-10T11:28:13 IST" skipped="0">
  <testcase classname="com.crm.qa.testcases.HomePageTest" name="testProductText" time="8.946"/>
  <testcase classname="com.crm.qa.testcases.HomePageTest" name="testCartLink" time="8.076"/>
  <testcase classname="com.crm.qa.testcases.HomePageTest" name="printAllLinksTest" time="24.108"/>
  <testcase classname="com.crm.qa.testcases.HomePageTest" name="checkAddToCart" time="6.676"/>
  <testcase classname="com.crm.qa.testcases.HomePageTest" name="checkRemove" time="10.207"/>
  <testcase classname="com.crm.qa.testcases.HomePageTest" name="validateCartLinkOnClick" time="10.197"/>
  <testcase classname="com.crm.qa.testcases.HomePageTest" name="validateCartPage" time="6.119"/>
</testsuite> <!-- com.crm.qa.testcases.HomePageTest -->
