<?xml version="1.0" encoding="UTF-8"?>
<!-- Generated by org.testng.reporters.JUnitReportReporter -->
<testsuite hostname="DESKTOP-T8DQ794" failures="0" tests="2" name="com.crm.qa.testcases.LoginPageTest" time="12.619" errors="0" timestamp="2025-01-10T11:28:13 IST" skipped="0">
  <testcase classname="com.crm.qa.testcases.LoginPageTest" name="loginPageTitleTest" time="7.211"/>
  <testcase classname="com.crm.qa.testcases.LoginPageTest" name="loginTest" time="5.408"/>
</testsuite> <!-- com.crm.qa.testcases.LoginPageTest -->
