<?xml version="1.0" encoding="UTF-8"?>
<!-- Generated by org.testng.reporters.JUnitReportReporter -->
<testsuite hostname="DESKTOP-T8DQ794" failures="0" tests="1" name="com.crm.qa.testcases.CartPageTest" time="4.493" errors="0" timestamp="2025-01-10T11:28:13 IST" skipped="0">
  <testcase classname="com.crm.qa.testcases.CartPageTest" name="validateCartPage" time="4.493"/>
</testsuite> <!-- com.crm.qa.testcases.CartPageTest -->
